Analysis & Synthesis report for pipeline
Tue May 07 09:32:31 2024
Quartus II 64-Bit Version 13.0.1 Build 232 06/12/2013 Service Pack 1 SJ Web Edition


---------------------
; Table of Contents ;
---------------------
  1. Legal Notice
  2. Analysis & Synthesis Summary
  3. Analysis & Synthesis Settings
  4. Parallel Compilation
  5. Analysis & Synthesis Messages



----------------
; Legal Notice ;
----------------
Copyright (C) 1991-2013 Altera Corporation
Your use of Altera Corporation's design tools, logic functions 
and other software and tools, and its AMPP partner logic 
functions, and any output files from any of the foregoing 
(including device programming or simulation files), and any 
associated documentation or information are expressly subject 
to the terms and conditions of the Altera Program License 
Subscription Agreement, Altera MegaCore Function License 
Agreement, or other applicable license agreement, including, 
without limitation, that your use is for the sole purpose of 
programming logic devices manufactured by Altera and sold by 
Altera or its authorized distributors.  Please refer to the 
applicable agreement for further details.



+--------------------------------------------------------------------------------------+
; Analysis & Synthesis Summary                                                         ;
+------------------------------------+-------------------------------------------------+
; Analysis & Synthesis Status        ; Failed - Tue May 07 09:32:31 2024               ;
; Quartus II 64-Bit Version          ; 13.0.1 Build 232 06/12/2013 SP 1 SJ Web Edition ;
; Revision Name                      ; pipeline                                        ;
; Top-level Entity Name              ; pipeline                                        ;
; Family                             ; Cyclone IV E                                    ;
; Total logic elements               ; N/A until Partition Merge                       ;
;     Total combinational functions  ; N/A until Partition Merge                       ;
;     Dedicated logic registers      ; N/A until Partition Merge                       ;
; Total registers                    ; N/A until Partition Merge                       ;
; Total pins                         ; N/A until Partition Merge                       ;
; Total virtual pins                 ; N/A until Partition Merge                       ;
; Total memory bits                  ; N/A until Partition Merge                       ;
; Embedded Multiplier 9-bit elements ; N/A until Partition Merge                       ;
; Total PLLs                         ; N/A until Partition Merge                       ;
+------------------------------------+-------------------------------------------------+


+----------------------------------------------------------------------------------------------------------------------+
; Analysis & Synthesis Settings                                                                                        ;
+----------------------------------------------------------------------------+--------------------+--------------------+
; Option                                                                     ; Setting            ; Default Value      ;
+----------------------------------------------------------------------------+--------------------+--------------------+
; Top-level entity name                                                      ; pipeline           ; pipeline           ;
; Family name                                                                ; Cyclone IV E       ; Cyclone IV GX      ;
; Use smart compilation                                                      ; Off                ; Off                ;
; Enable parallel Assembler and TimeQuest Timing Analyzer during compilation ; On                 ; On                 ;
; Enable compact report table                                                ; Off                ; Off                ;
; Restructure Multiplexers                                                   ; Auto               ; Auto               ;
; Create Debugging Nodes for IP Cores                                        ; Off                ; Off                ;
; Preserve fewer node names                                                  ; On                 ; On                 ;
; Disable OpenCore Plus hardware evaluation                                  ; Off                ; Off                ;
; Verilog Version                                                            ; Verilog_2001       ; Verilog_2001       ;
; VHDL Version                                                               ; VHDL_1993          ; VHDL_1993          ;
; State Machine Processing                                                   ; Auto               ; Auto               ;
; Safe State Machine                                                         ; Off                ; Off                ;
; Extract Verilog State Machines                                             ; On                 ; On                 ;
; Extract VHDL State Machines                                                ; On                 ; On                 ;
; Ignore Verilog initial constructs                                          ; Off                ; Off                ;
; Iteration limit for constant Verilog loops                                 ; 5000               ; 5000               ;
; Iteration limit for non-constant Verilog loops                             ; 250                ; 250                ;
; Add Pass-Through Logic to Inferred RAMs                                    ; On                 ; On                 ;
; Infer RAMs from Raw Logic                                                  ; On                 ; On                 ;
; Parallel Synthesis                                                         ; On                 ; On                 ;
; DSP Block Balancing                                                        ; Auto               ; Auto               ;
; NOT Gate Push-Back                                                         ; On                 ; On                 ;
; Power-Up Don't Care                                                        ; On                 ; On                 ;
; Remove Redundant Logic Cells                                               ; Off                ; Off                ;
; Remove Duplicate Registers                                                 ; On                 ; On                 ;
; Ignore CARRY Buffers                                                       ; Off                ; Off                ;
; Ignore CASCADE Buffers                                                     ; Off                ; Off                ;
; Ignore GLOBAL Buffers                                                      ; Off                ; Off                ;
; Ignore ROW GLOBAL Buffers                                                  ; Off                ; Off                ;
; Ignore LCELL Buffers                                                       ; Off                ; Off                ;
; Ignore SOFT Buffers                                                        ; On                 ; On                 ;
; Limit AHDL Integers to 32 Bits                                             ; Off                ; Off                ;
; Optimization Technique                                                     ; Balanced           ; Balanced           ;
; Carry Chain Length                                                         ; 70                 ; 70                 ;
; Auto Carry Chains                                                          ; On                 ; On                 ;
; Auto Open-Drain Pins                                                       ; On                 ; On                 ;
; Perform WYSIWYG Primitive Resynthesis                                      ; Off                ; Off                ;
; Auto ROM Replacement                                                       ; On                 ; On                 ;
; Auto RAM Replacement                                                       ; On                 ; On                 ;
; Auto DSP Block Replacement                                                 ; On                 ; On                 ;
; Auto Shift Register Replacement                                            ; Auto               ; Auto               ;
; Allow Shift Register Merging across Hierarchies                            ; Auto               ; Auto               ;
; Auto Clock Enable Replacement                                              ; On                 ; On                 ;
; Strict RAM Replacement                                                     ; Off                ; Off                ;
; Allow Synchronous Control Signals                                          ; On                 ; On                 ;
; Force Use of Synchronous Clear Signals                                     ; Off                ; Off                ;
; Auto RAM Block Balancing                                                   ; On                 ; On                 ;
; Auto RAM to Logic Cell Conversion                                          ; Off                ; Off                ;
; Auto Resource Sharing                                                      ; Off                ; Off                ;
; Allow Any RAM Size For Recognition                                         ; Off                ; Off                ;
; Allow Any ROM Size For Recognition                                         ; Off                ; Off                ;
; Allow Any Shift Register Size For Recognition                              ; Off                ; Off                ;
; Use LogicLock Constraints during Resource Balancing                        ; On                 ; On                 ;
; Ignore translate_off and synthesis_off directives                          ; Off                ; Off                ;
; Timing-Driven Synthesis                                                    ; On                 ; On                 ;
; Report Parameter Settings                                                  ; On                 ; On                 ;
; Report Source Assignments                                                  ; On                 ; On                 ;
; Report Connectivity Checks                                                 ; On                 ; On                 ;
; Ignore Maximum Fan-Out Assignments                                         ; Off                ; Off                ;
; Synchronization Register Chain Length                                      ; 2                  ; 2                  ;
; PowerPlay Power Optimization                                               ; Normal compilation ; Normal compilation ;
; HDL message level                                                          ; Level2             ; Level2             ;
; Suppress Register Optimization Related Messages                            ; Off                ; Off                ;
; Number of Removed Registers Reported in Synthesis Report                   ; 5000               ; 5000               ;
; Number of Swept Nodes Reported in Synthesis Report                         ; 5000               ; 5000               ;
; Number of Inverted Registers Reported in Synthesis Report                  ; 100                ; 100                ;
; Clock MUX Protection                                                       ; On                 ; On                 ;
; Auto Gated Clock Conversion                                                ; Off                ; Off                ;
; Block Design Naming                                                        ; Auto               ; Auto               ;
; SDC constraint protection                                                  ; Off                ; Off                ;
; Synthesis Effort                                                           ; Auto               ; Auto               ;
; Shift Register Replacement - Allow Asynchronous Clear Signal               ; On                 ; On                 ;
; Pre-Mapping Resynthesis Optimization                                       ; Off                ; Off                ;
; Analysis & Synthesis Message Level                                         ; Medium             ; Medium             ;
; Disable Register Merging Across Hierarchies                                ; Auto               ; Auto               ;
; Resource Aware Inference For Block RAM                                     ; On                 ; On                 ;
; Synthesis Seed                                                             ; 1                  ; 1                  ;
+----------------------------------------------------------------------------+--------------------+--------------------+


Parallel compilation was disabled, but you have multiple processors available. Enable parallel compilation to reduce compilation time.
+-------------------------------------+
; Parallel Compilation                ;
+----------------------------+--------+
; Processors                 ; Number ;
+----------------------------+--------+
; Number detected on machine ; 4      ;
; Maximum allowed            ; 1      ;
+----------------------------+--------+


+-------------------------------+
; Analysis & Synthesis Messages ;
+-------------------------------+
Info: *******************************************************************
Info: Running Quartus II 64-Bit Analysis & Synthesis
    Info: Version 13.0.1 Build 232 06/12/2013 Service Pack 1 SJ Web Edition
    Info: Processing started: Tue May 07 09:32:30 2024
Info: Command: quartus_map --read_settings_files=on --write_settings_files=off pipeline -c pipeline
Warning (20028): Parallel compilation is not licensed and has been disabled
Info (12021): Found 1 design units, including 1 entities, in source file wbmux.sv
    Info (12023): Found entity 1: wbmux
Info (12021): Found 1 design units, including 1 entities, in source file top.sv
    Info (12023): Found entity 1: top
Info (12021): Found 9 design units, including 9 entities, in source file regfile.sv
    Info (12023): Found entity 1: regfile
    Info (12023): Found entity 2: writedata
    Info (12023): Found entity 3: decoder5to32
    Info (12023): Found entity 4: mux2to1_32bit
    Info (12023): Found entity 5: reset
    Info (12023): Found entity 6: mux2to1_rst
    Info (12023): Found entity 7: reg32
    Info (12023): Found entity 8: readdata
    Info (12023): Found entity 9: mux32to1_32bit
Info (12021): Found 1 design units, including 1 entities, in source file pc.sv
    Info (12023): Found entity 1: pc
Info (12021): Found 1 design units, including 1 entities, in source file mux221.sv
    Info (12023): Found entity 1: mux221
Info (12021): Found 1 design units, including 1 entities, in source file lsu_2d_op_bank.sv
    Info (12023): Found entity 1: lsu_2d_op_bank
Info (12021): Found 1 design units, including 1 entities, in source file lsu_2d_ip_bank.sv
    Info (12023): Found entity 1: lsu_2d_ip_bank
Info (12021): Found 1 design units, including 1 entities, in source file lsu_2d_bank.sv
    Info (12023): Found entity 1: lsu_2d_bank
Info (12021): Found 1 design units, including 1 entities, in source file lsu.sv
    Info (12023): Found entity 1: lsu
Info (12021): Found 1 design units, including 1 entities, in source file inst_memory.sv
    Info (12023): Found entity 1: inst_memory
Info (12021): Found 1 design units, including 1 entities, in source file immgen.sv
    Info (12023): Found entity 1: immgen
Info (12021): Found 1 design units, including 1 entities, in source file controlunit.sv
    Info (12023): Found entity 1: controlunit
Info (12021): Found 3 design units, including 3 entities, in source file brcomp.sv
    Info (12023): Found entity 1: brcomp
    Info (12023): Found entity 2: compare
    Info (12023): Found entity 3: two_comp2bin
Info (12021): Found 1 design units, including 1 entities, in source file alu.sv
    Info (12023): Found entity 1: alu
Info (12021): Found 1 design units, including 1 entities, in source file add.sv
    Info (12023): Found entity 1: add
Info (12021): Found 1 design units, including 1 entities, in source file if_id.sv
    Info (12023): Found entity 1: IF_ID
Info (12021): Found 1 design units, including 1 entities, in source file id_ex.sv
    Info (12023): Found entity 1: ID_EX
Info (12021): Found 1 design units, including 1 entities, in source file ex_mem.sv
    Info (12023): Found entity 1: EX_MEM
Info (12021): Found 1 design units, including 1 entities, in source file mem_wb.sv
    Info (12023): Found entity 1: MEM_WB
Info (12021): Found 1 design units, including 1 entities, in source file flipflop.sv
    Info (12023): Found entity 1: flipflop
Info (12021): Found 1 design units, including 1 entities, in source file pipeline.sv
    Info (12023): Found entity 1: pipeline
Warning (10229): Verilog HDL Expression warning at hazard.sv(16): truncated literal to match 8 bits
Info (12021): Found 1 design units, including 1 entities, in source file hazard.sv
    Info (12023): Found entity 1: hazard
Critical Warning (10846): Verilog HDL Instantiation warning at pipeline.sv(96): instance has no name
Info (12127): Elaborating entity "pipeline" for the top level hierarchy
Info (12128): Elaborating entity "mux221" for hierarchy "mux221:muxpc"
Info (12128): Elaborating entity "pc" for hierarchy "pc:pcc"
Info (12128): Elaborating entity "flipflop" for hierarchy "flipflop:ff"
Info (12128): Elaborating entity "add" for hierarchy "add:add4"
Info (12128): Elaborating entity "inst_memory" for hierarchy "inst_memory:inst"
Warning (10036): Verilog HDL or VHDL warning at inst_memory.sv(16): object "unused" assigned a value but never read
Error (10002): Can't open VHDL or Verilog HDL file "C:/Users/tienh/OneDrive/Documents/CTMT/pipeline1/30_mem/instmem.data.kit"
Warning (10030): Net "imem.data_a" at inst_memory.sv(21) has no driver or initial value, using a default initial value '0'
Warning (10030): Net "imem.waddr_a" at inst_memory.sv(21) has no driver or initial value, using a default initial value '0'
Warning (10030): Net "imem.we_a" at inst_memory.sv(21) has no driver or initial value, using a default initial value '0'
Error (12152): Can't elaborate user hierarchy "inst_memory:inst" File: C:/Users/tienh/OneDrive/Documents/CTMT/pipeline1/00_src/pipeline.sv Line: 37
Error: Quartus II 64-Bit Analysis & Synthesis was unsuccessful. 2 errors, 7 warnings
    Error: Peak virtual memory: 4585 megabytes
    Error: Processing ended: Tue May 07 09:32:31 2024
    Error: Elapsed time: 00:00:01
    Error: Total CPU time (on all processors): 00:00:00


